{"E:\\0study\\0elzero\\unit test\\all.js": {"path":"E:\\0study\\0elzero\\unit test\\all.js","statementMap":{"0":{"start":{"line":1,"column":15},"end":{"line":1,"column":28}},"1":{"start":{"line":4,"column":0},"end":{"line":4,"column":24}}},"fnMap":{},"branchMap":{},"s":{"0":1,"1":1},"f":{},"b":{},"_coverageSchema":"1a1c01bbd47fc00a2c39e90264f33305004495a9","hash":"c68e23bf7e42f721583ed968b2df228fd99b5515"}
,"E:\\0study\\0elzero\\unit test\\input.js": {"path":"E:\\0study\\0elzero\\unit test\\input.js","statementMap":{"0":{"start":{"line":9,"column":2},"end":{"line":11,"column":3}},"1":{"start":{"line":10,"column":4},"end":{"line":10,"column":20}},"2":{"start":{"line":12,"column":2},"end":{"line":14,"column":3}},"3":{"start":{"line":13,"column":4},"end":{"line":13,"column":23}},"4":{"start":{"line":15,"column":2},"end":{"line":17,"column":3}},"5":{"start":{"line":16,"column":4},"end":{"line":16,"column":32}},"6":{"start":{"line":18,"column":2},"end":{"line":20,"column":3}},"7":{"start":{"line":19,"column":4},"end":{"line":19,"column":29}},"8":{"start":{"line":21,"column":2},"end":{"line":21,"column":14}},"9":{"start":{"line":25,"column":0},"end":{"line":25,"column":28}}},"fnMap":{"0":{"name":"filterName","decl":{"start":{"line":8,"column":9},"end":{"line":8,"column":19}},"loc":{"start":{"line":8,"column":26},"end":{"line":22,"column":1}},"line":8}},"branchMap":{"0":{"loc":{"start":{"line":9,"column":2},"end":{"line":11,"column":3}},"type":"if","locations":[{"start":{"line":9,"column":2},"end":{"line":11,"column":3}},{"start":{},"end":{}}],"line":9},"1":{"loc":{"start":{"line":12,"column":2},"end":{"line":14,"column":3}},"type":"if","locations":[{"start":{"line":12,"column":2},"end":{"line":14,"column":3}},{"start":{},"end":{}}],"line":12},"2":{"loc":{"start":{"line":12,"column":6},"end":{"line":12,"column":48}},"type":"binary-expr","locations":[{"start":{"line":12,"column":6},"end":{"line":12,"column":26}},{"start":{"line":12,"column":30},"end":{"line":12,"column":48}}],"line":12},"3":{"loc":{"start":{"line":15,"column":2},"end":{"line":17,"column":3}},"type":"if","locations":[{"start":{"line":15,"column":2},"end":{"line":17,"column":3}},{"start":{},"end":{}}],"line":15},"4":{"loc":{"start":{"line":18,"column":2},"end":{"line":20,"column":3}},"type":"if","locations":[{"start":{"line":18,"column":2},"end":{"line":20,"column":3}},{"start":{},"end":{}}],"line":18}},"s":{"0":4,"1":1,"2":3,"3":2,"4":3,"5":1,"6":3,"7":1,"8":3,"9":1},"f":{"0":4},"b":{"0":[1,3],"1":[2,1],"2":[3,1],"3":[1,2],"4":[1,2]},"_coverageSchema":"1a1c01bbd47fc00a2c39e90264f33305004495a9","hash":"e17d524a30cf367ca1970207f20dbe6e0e91e6c1"}
,"E:\\0study\\0elzero\\unit test\\mock.js": {"path":"E:\\0study\\0elzero\\unit test\\mock.js","statementMap":{"0":{"start":{"line":2,"column":2},"end":{"line":2,"column":25}},"1":{"start":{"line":5,"column":0},"end":{"line":5,"column":26}}},"fnMap":{"0":{"name":"sayHello","decl":{"start":{"line":1,"column":9},"end":{"line":1,"column":17}},"loc":{"start":{"line":1,"column":23},"end":{"line":3,"column":1}},"line":1}},"branchMap":{},"s":{"0":0,"1":1},"f":{"0":0},"b":{},"_coverageSchema":"1a1c01bbd47fc00a2c39e90264f33305004495a9","hash":"53c9533cc45221415cde9d48fca0c6767f11ebd0"}
,"E:\\0study\\0elzero\\unit test\\say.js": {"path":"E:\\0study\\0elzero\\unit test\\say.js","statementMap":{"0":{"start":{"line":2,"column":2},"end":{"line":2,"column":22}},"1":{"start":{"line":5,"column":0},"end":{"line":5,"column":26}}},"fnMap":{"0":{"name":"sayHello","decl":{"start":{"line":1,"column":9},"end":{"line":1,"column":17}},"loc":{"start":{"line":1,"column":20},"end":{"line":3,"column":1}},"line":1}},"branchMap":{},"s":{"0":1,"1":1},"f":{"0":1},"b":{},"_coverageSchema":"1a1c01bbd47fc00a2c39e90264f33305004495a9","hash":"8005c5a6c200d922553fcd67be744a6db19e9055"}
,"E:\\0study\\0elzero\\unit test\\sum.js": {"path":"E:\\0study\\0elzero\\unit test\\sum.js","statementMap":{"0":{"start":{"line":7,"column":15},"end":{"line":9,"column":3}},"1":{"start":{"line":8,"column":4},"end":{"line":8,"column":49}},"2":{"start":{"line":8,"column":38},"end":{"line":8,"column":45}},"3":{"start":{"line":10,"column":0},"end":{"line":10,"column":25}}},"fnMap":{"0":{"name":"(anonymous_0)","decl":{"start":{"line":7,"column":15},"end":{"line":7,"column":16}},"loc":{"start":{"line":7,"column":31},"end":{"line":9,"column":3}},"line":7},"1":{"name":"(anonymous_1)","decl":{"start":{"line":8,"column":26},"end":{"line":8,"column":27}},"loc":{"start":{"line":8,"column":38},"end":{"line":8,"column":45}},"line":8}},"branchMap":{},"s":{"0":1,"1":6,"2":14,"3":1},"f":{"0":6,"1":14},"b":{},"_coverageSchema":"1a1c01bbd47fc00a2c39e90264f33305004495a9","hash":"d98a7a04ac71d0c4742b154b117bab2701d3f803"}
}
