TN:
SF:all.js
FNF:0
FNH:0
DA:1,1
DA:4,1
LF:2
LH:2
BRF:0
BRH:0
end_of_record
TN:
SF:input.js
FN:8,filterName
FNF:1
FNH:1
FNDA:4,filterName
DA:9,4
DA:10,1
DA:12,3
DA:13,2
DA:15,3
DA:16,1
DA:18,3
DA:19,1
DA:21,3
DA:25,1
LF:10
LH:10
BRDA:9,0,0,1
BRDA:9,0,1,3
BRDA:12,1,0,2
BRDA:12,1,1,1
BRDA:12,2,0,3
BRDA:12,2,1,1
BRDA:15,3,0,1
BRDA:15,3,1,2
BRDA:18,4,0,1
BRDA:18,4,1,2
BRF:10
BRH:10
end_of_record
TN:
SF:mock.js
FN:1,sayHello
FNF:1
FNH:0
FNDA:0,sayHello
DA:2,0
DA:5,1
LF:2
LH:1
BRF:0
BRH:0
end_of_record
TN:
SF:say.js
FN:1,sayHello
FNF:1
FNH:1
FNDA:1,sayHello
DA:2,1
DA:5,1
LF:2
LH:2
BRF:0
BRH:0
end_of_record
TN:
SF:sum.js
FN:7,(anonymous_0)
FN:8,(anonymous_1)
FNF:2
FNH:2
FNDA:6,(anonymous_0)
FNDA:14,(anonymous_1)
DA:7,1
DA:8,14
DA:10,1
LF:3
LH:3
BRF:0
BRH:0
end_of_record
